<?xml version="1.0" encoding="UTF-8" ?>
<testsuite tests="29" failures="0" name="edu.umd.cs.psl.database.rdbms.RDBMSDataStoreTest" time="1.157" errors="0" skipped="0">
  <properties>
    <property name="java.runtime.name" value="OpenJDK Runtime Environment"/>
    <property name="sun.boot.library.path" value="/usr/lib/jvm/java-8-openjdk-amd64/jre/lib/amd64"/>
    <property name="java.vm.version" value="25.121-b13"/>
    <property name="java.vm.vendor" value="Oracle Corporation"/>
    <property name="maven.multiModuleProjectDirectory" value="/home/vgomez/Dropbox/potss_communities/psl"/>
    <property name="java.vendor.url" value="http://java.oracle.com/"/>
    <property name="path.separator" value=":"/>
    <property name="guice.disable.misplaced.annotation.check" value="true"/>
    <property name="java.vm.name" value="OpenJDK 64-Bit Server VM"/>
    <property name="file.encoding.pkg" value="sun.io"/>
    <property name="user.country" value="US"/>
    <property name="sun.java.launcher" value="SUN_STANDARD"/>
    <property name="sun.os.patch.level" value="unknown"/>
    <property name="java.vm.specification.name" value="Java Virtual Machine Specification"/>
    <property name="user.dir" value="/home/vgomez/Dropbox/potss_communities/psl"/>
    <property name="java.runtime.version" value="1.8.0_121-8u121-b13-0ubuntu1.16.04.2-b13"/>
    <property name="java.awt.graphicsenv" value="sun.awt.X11GraphicsEnvironment"/>
    <property name="java.endorsed.dirs" value="/usr/lib/jvm/java-8-openjdk-amd64/jre/lib/endorsed"/>
    <property name="os.arch" value="amd64"/>
    <property name="java.io.tmpdir" value="/tmp"/>
    <property name="line.separator" value="
"/>
    <property name="java.vm.specification.vendor" value="Oracle Corporation"/>
    <property name="os.name" value="Linux"/>
    <property name="classworlds.conf" value="/usr/share/maven/bin/m2.conf"/>
    <property name="sun.jnu.encoding" value="UTF-8"/>
    <property name="java.library.path" value="/usr/java/packages/lib/amd64:/usr/lib/x86_64-linux-gnu/jni:/lib/x86_64-linux-gnu:/usr/lib/x86_64-linux-gnu:/usr/lib/jni:/lib:/usr/lib"/>
    <property name="java.specification.name" value="Java Platform API Specification"/>
    <property name="java.class.version" value="52.0"/>
    <property name="sun.management.compiler" value="HotSpot 64-Bit Tiered Compilers"/>
    <property name="os.version" value="4.4.0-43-generic"/>
    <property name="user.home" value="/home/vgomez"/>
    <property name="user.timezone" value="Europe/Madrid"/>
    <property name="java.awt.printerjob" value="sun.print.PSPrinterJob"/>
    <property name="file.encoding" value="UTF-8"/>
    <property name="java.specification.version" value="1.8"/>
    <property name="user.name" value="vgomez"/>
    <property name="java.class.path" value="/usr/share/maven/boot/plexus-classworlds-2.x.jar"/>
    <property name="java.vm.specification.version" value="1.8"/>
    <property name="sun.arch.data.model" value="64"/>
    <property name="java.home" value="/usr/lib/jvm/java-8-openjdk-amd64/jre"/>
    <property name="sun.java.command" value="org.codehaus.plexus.classworlds.launcher.Launcher clean install"/>
    <property name="java.specification.vendor" value="Oracle Corporation"/>
    <property name="user.language" value="en"/>
    <property name="awt.toolkit" value="sun.awt.X11.XToolkit"/>
    <property name="java.vm.info" value="mixed mode"/>
    <property name="java.version" value="1.8.0_121"/>
    <property name="java.ext.dirs" value="/usr/lib/jvm/java-8-openjdk-amd64/jre/lib/ext:/usr/java/packages/lib/ext"/>
    <property name="securerandom.source" value="file:/dev/./urandom"/>
    <property name="sun.boot.class.path" value="/usr/lib/jvm/java-8-openjdk-amd64/jre/lib/resources.jar:/usr/lib/jvm/java-8-openjdk-amd64/jre/lib/rt.jar:/usr/lib/jvm/java-8-openjdk-amd64/jre/lib/sunrsasign.jar:/usr/lib/jvm/java-8-openjdk-amd64/jre/lib/jsse.jar:/usr/lib/jvm/java-8-openjdk-amd64/jre/lib/jce.jar:/usr/lib/jvm/java-8-openjdk-amd64/jre/lib/charsets.jar:/usr/lib/jvm/java-8-openjdk-amd64/jre/lib/jfr.jar:/usr/lib/jvm/java-8-openjdk-amd64/jre/classes"/>
    <property name="java.vendor" value="Oracle Corporation"/>
    <property name="maven.home" value="/usr/share/maven"/>
    <property name="file.separator" value="/"/>
    <property name="java.vendor.url.bug" value="http://bugreport.sun.com/bugreport/"/>
    <property name="sun.cpu.endian" value="little"/>
    <property name="sun.io.unicode.encoding" value="UnicodeLittle"/>
    <property name="sun.desktop" value="gnome"/>
    <property name="sun.cpu.isalist" value=""/>
  </properties>
  <testcase classname="edu.umd.cs.psl.database.rdbms.RDBMSDataStoreTest" name="testInsertAndGetAtom" time="0.083"/>
  <testcase classname="edu.umd.cs.psl.database.rdbms.RDBMSDataStoreTest" name="testExecuteQuery" time="0.048"/>
  <testcase classname="edu.umd.cs.psl.database.rdbms.RDBMSDataStoreTest" name="testExecuteQueryIllegalProjectionVariable" time="0.038"/>
  <testcase classname="edu.umd.cs.psl.database.rdbms.RDBMSDataStoreTest" name="testSpecialPredicates" time="0.038"/>
  <testcase classname="edu.umd.cs.psl.database.rdbms.RDBMSDataStoreTest" name="testGetAtomUnregisteredPredicate" time="0.034"/>
  <testcase classname="edu.umd.cs.psl.database.rdbms.RDBMSDataStoreTest" name="testLateRegisteredPredicate" time="0.035"/>
  <testcase classname="edu.umd.cs.psl.database.rdbms.RDBMSDataStoreTest" name="testAtomInReadAndWritePartitions" time="0.036"/>
  <testcase classname="edu.umd.cs.psl.database.rdbms.RDBMSDataStoreTest" name="testAtomInTwoReadPartitions" time="0.034"/>
  <testcase classname="edu.umd.cs.psl.database.rdbms.RDBMSDataStoreTest" name="testSharedReadPartition" time="0.035"/>
  <testcase classname="edu.umd.cs.psl.database.rdbms.RDBMSDataStoreTest" name="testSharedWritePartition" time="0.032"/>
  <testcase classname="edu.umd.cs.psl.database.rdbms.RDBMSDataStoreTest" name="testSharedReadWritePartition1" time="0.034"/>
  <testcase classname="edu.umd.cs.psl.database.rdbms.RDBMSDataStoreTest" name="testSharedReadWritePartition2" time="0.045"/>
  <testcase classname="edu.umd.cs.psl.database.rdbms.RDBMSDataStoreTest" name="testGetInserterUnregisteredPredicate" time="0.032"/>
  <testcase classname="edu.umd.cs.psl.database.rdbms.RDBMSDataStoreTest" name="testGetInserterPartitionInUseWrite" time="0.033"/>
  <testcase classname="edu.umd.cs.psl.database.rdbms.RDBMSDataStoreTest" name="testGetInserterPartitionInUseRead" time="0.033"/>
  <testcase classname="edu.umd.cs.psl.database.rdbms.RDBMSDataStoreTest" name="testGetInserterForDeserializedPredicate" time="0.075"/>
  <testcase classname="edu.umd.cs.psl.database.rdbms.RDBMSDataStoreTest" name="testGetAtomAfterClose" time="0.036"/>
  <testcase classname="edu.umd.cs.psl.database.rdbms.RDBMSDataStoreTest" name="testCommitAfterClose" time="0.036"/>
  <testcase classname="edu.umd.cs.psl.database.rdbms.RDBMSDataStoreTest" name="testQueryAfterClose" time="0.036"/>
  <testcase classname="edu.umd.cs.psl.database.rdbms.RDBMSDataStoreTest" name="testDeletePartition" time="0.035"/>
  <testcase classname="edu.umd.cs.psl.database.rdbms.RDBMSDataStoreTest" name="testDeletePartitionInUse" time="0.032"/>
  <testcase classname="edu.umd.cs.psl.database.rdbms.RDBMSDataStoreTest" name="testIsClosed" time="0.034"/>
  <testcase classname="edu.umd.cs.psl.database.rdbms.RDBMSDataStoreTest" name="testCommit" time="0.035"/>
  <testcase classname="edu.umd.cs.psl.database.rdbms.RDBMSDataStoreTest" name="testDoubleCommit" time="0.035"/>
  <testcase classname="edu.umd.cs.psl.database.rdbms.RDBMSDataStoreTest" name="testInsertTwoAtoms" time="0.034"/>
  <testcase classname="edu.umd.cs.psl.database.rdbms.RDBMSDataStoreTest" name="testStringEscaping" time="0.034"/>
  <testcase classname="edu.umd.cs.psl.database.rdbms.RDBMSDataStoreTest" name="testPredicateRegistration" time="0.033"/>
  <testcase classname="edu.umd.cs.psl.database.rdbms.RDBMSDataStoreTest" name="testPredicateSerialization" time="0.068"/>
  <testcase classname="edu.umd.cs.psl.database.rdbms.RDBMSDataStoreTest" name="testExternalFunctionalPredicate" time="0.036"/>
</testsuite>